
{"responseEvent":"error","responseType":"ErrorException: Trying to access array offset on null in /var/www/slot-games/app/Games/FlamingDiceEGT/SlotSettings.php:939
Stack trace:
#0 /var/www/slot-games/app/Games/FlamingDiceEGT/SlotSettings.php(939): Illuminate\Foundation\Bootstrap\HandleExceptions->handleError()
#1 /var/www/slot-games/app/Games/FlamingDiceEGT/Server.php(462): VanguardLTE\Games\FlamingDiceEGT\SlotSettings->GetSpinSettings()
#2 /var/www/slot-games/vendor/laravel/framework/src/Illuminate/Database/Concerns/ManagesTransactions.php(29): VanguardLTE\Games\FlamingDiceEGT\{closure}()
#3 /var/www/slot-games/vendor/laravel/framework/src/Illuminate/Database/DatabaseManager.php(442): Illuminate\Database\Connection->transaction()
#4 /var/www/slot-games/vendor/laravel/framework/src/Illuminate/Support/Facades/Facade.php(261): Illuminate\Database\DatabaseManager->__call()
#5 /var/www/slot-games/app/Games/FlamingDiceEGT/Server.php(11): Illuminate\Support\Facades\Facade::__callStatic()
#6 /var/www/slot-games/app/Games/FlamingDiceEGT/Server.php(917): VanguardLTE\Games\FlamingDiceEGT\get_()
#7 /var/www/slot-games/app/Http/Controllers/Web/Frontend/GamesController.php(1593): VanguardLTE\Games\FlamingDiceEGT\Server->get()
#8 /var/www/slot-games/vendor/laravel/framework/src/Illuminate/Routing/Controller.php(54): VanguardLTE\Http\Controllers\Web\Frontend\GamesController->server()
#9 /var/www/slot-games/vendor/laravel/framework/src/Illuminate/Routing/ControllerDispatcher.php(45): Illuminate\Routing\Controller->callAction()
#10 /var/www/slot-games/vendor/laravel/framework/src/Illuminate/Routing/Route.php(261): Illuminate\Routing\ControllerDispatcher->dispatch()
#11 /var/www/slot-games/vendor/laravel/framework/src/Illuminate/Routing/Route.php(205): Illuminate\Routing\Route->runController()
#12 /var/www/slot-games/vendor/laravel/framework/src/Illuminate/Routing/Router.php(721): Illuminate\Routing\Route->run()
#13 /var/www/slot-games/vendor/laravel/framework/src/Illuminate/Pipeline/Pipeline.php(128): Illuminate\Routing\Router->Illuminate\Routing\{closure}()
#14 /var/www/slot-games/app/Http/Middleware/Checker.php(33): Illuminate\Pipeline\Pipeline->Illuminate\Pipeline\{closure}()
#15 /var/www/slot-games/vendor/laravel/framework/src/Illuminate/Pipeline/Pipeline.php(167): VanguardLTE\Http\Middleware\Checker->handle()
#16 /var/www/slot-games/app/Http/Middleware/SiteIsClosed.php(20): Illuminate\Pipeline\Pipeline->Illuminate\Pipeline\{closure}()
#17 /var/www/slot-games/vendor/laravel/framework/src/Illuminate/Pipeline/Pipeline.php(167): VanguardLTE\Http\Middleware\SiteIsClosed->handle()
#18 /var/www/slot-games/app/Http/Middleware/SelectLanguage.php(12): Illuminate\Pipeline\Pipeline->Illuminate\Pipeline\{closure}()
#19 /var/www/slot-games/vendor/laravel/framework/src/Illuminate/Pipeline/Pipeline.php(167): VanguardLTE\Http\Middleware\SelectLanguage->handle()
#20 /var/www/slot-games/vendor/laravel/framework/src/Illuminate/Routing/Middleware/SubstituteBindings.php(50): Illuminate\Pipeline\Pipeline->Illuminate\Pipeline\{closure}()
#21 /var/www/slot-games/vendor/laravel/framework/src/Illuminate/Pipeline/Pipeline.php(167): Illuminate\Routing\Middleware\SubstituteBindings->handle()
#22 /var/www/slot-games/vendor/laravel/framework/src/Illuminate/Foundation/Http/Middleware/VerifyCsrfToken.php(78): Illuminate\Pipeline\Pipeline->Illuminate\Pipeline\{closure}()
#23 /var/www/slot-games/vendor/laravel/framework/src/Illuminate/Pipeline/Pipeline.php(167): Illuminate\Foundation\Http\Middleware\VerifyCsrfToken->handle()
#24 /var/www/slot-games/vendor/laravel/framework/src/Illuminate/View/Middleware/ShareErrorsFromSession.php(49): Illuminate\Pipeline\Pipeline->Illuminate\Pipeline\{closure}()
#25 /var/www/slot-games/vendor/laravel/framework/src/Illuminate/Pipeline/Pipeline.php(167): Illuminate\View\Middleware\ShareErrorsFromSession->handle()
#26 /var/www/slot-games/vendor/laravel/framework/src/Illuminate/Session/Middleware/StartSession.php(121): Illuminate\Pipeline\Pipeline->Illuminate\Pipeline\{closure}()
#27 /var/www/slot-games/vendor/laravel/framework/src/Illuminate/Session/Middleware/StartSession.php(64): Illuminate\Session\Middleware\StartSession->handleStatefulRequest()
#28 /var/www/slot-games/vendor/laravel/framework/src/Illuminate/Pipeline/Pipeline.php(167): Illuminate\Session\Middleware\StartSession->handle()
#29 /var/www/slot-games/vendor/laravel/framework/src/Illuminate/Cookie/Middleware/AddQueuedCookiesToResponse.php(37): Illuminate\Pipeline\Pipeline->Illuminate\Pipeline\{closure}()
#30 /var/www/slot-games/vendor/laravel/framework/src/Illuminate/Pipeline/Pipeline.php(167): Illuminate\Cookie\Middleware\AddQueuedCookiesToResponse->handle()
#31 /var/www/slot-games/vendor/laravel/framework/src/Illuminate/Cookie/Middleware/EncryptCookies.php(67): Illuminate\Pipeline\Pipeline->Illuminate\Pipeline\{closure}()
#32 /var/www/slot-games/vendor/laravel/framework/src/Illuminate/Pipeline/Pipeline.php(167): Illuminate\Cookie\Middleware\EncryptCookies->handle()
#33 /var/www/slot-games/vendor/laravel/framework/src/Illuminate/Pipeline/Pipeline.php(103): Illuminate\Pipeline\Pipeline->Illuminate\Pipeline\{closure}()
#34 /var/www/slot-games/vendor/laravel/framework/src/Illuminate/Routing/Router.php(719): Illuminate\Pipeline\Pipeline->then()
#35 /var/www/slot-games/vendor/laravel/framework/src/Illuminate/Routing/Router.php(698): Illuminate\Routing\Router->runRouteWithinStack()
#36 /var/www/slot-games/vendor/laravel/framework/src/Illuminate/Routing/Router.php(662): Illuminate\Routing\Router->runRoute()
#37 /var/www/slot-games/vendor/laravel/framework/src/Illuminate/Routing/Router.php(651): Illuminate\Routing\Router->dispatchToRoute()
#38 /var/www/slot-games/vendor/laravel/framework/src/Illuminate/Foundation/Http/Kernel.php(167): Illuminate\Routing\Router->dispatch()
#39 /var/www/slot-games/vendor/laravel/framework/src/Illuminate/Pipeline/Pipeline.php(128): Illuminate\Foundation\Http\Kernel->Illuminate\Foundation\Http\{closure}()
#40 /var/www/slot-games/vendor/proengsoft/laravel-jsvalidation/src/RemoteValidationMiddleware.php(61): Illuminate\Pipeline\Pipeline->Illuminate\Pipeline\{closure}()
#41 /var/www/slot-games/vendor/laravel/framework/src/Illuminate/Pipeline/Pipeline.php(167): Proengsoft\JsValidation\RemoteValidationMiddleware->handle()
#42 /var/www/slot-games/vendor/barryvdh/laravel-debugbar/src/Middleware/InjectDebugbar.php(67): Illuminate\Pipeline\Pipeline->Illuminate\Pipeline\{closure}()
#43 /var/www/slot-games/vendor/laravel/framework/src/Illuminate/Pipeline/Pipeline.php(167): Barryvdh\Debugbar\Middleware\InjectDebugbar->handle()
#44 /var/www/slot-games/vendor/fideloper/proxy/src/TrustProxies.php(57): Illuminate\Pipeline\Pipeline->Illuminate\Pipeline\{closure}()
#45 /var/www/slot-games/vendor/laravel/framework/src/Illuminate/Pipeline/Pipeline.php(167): Fideloper\Proxy\TrustProxies->handle()
#46 /var/www/slot-games/vendor/laravel/framework/src/Illuminate/Foundation/Http/Middleware/TransformsRequest.php(21): Illuminate\Pipeline\Pipeline->Illuminate\Pipeline\{closure}()
#47 /var/www/slot-games/vendor/laravel/framework/src/Illuminate/Foundation/Http/Middleware/ConvertEmptyStringsToNull.php(31): Illuminate\Foundation\Http\Middleware\TransformsRequest->handle()
#48 /var/www/slot-games/vendor/laravel/framework/src/Illuminate/Pipeline/Pipeline.php(167): Illuminate\Foundation\Http\Middleware\ConvertEmptyStringsToNull->handle()
#49 /var/www/slot-games/vendor/laravel/framework/src/Illuminate/Foundation/Http/Middleware/TransformsRequest.php(21): Illuminate\Pipeline\Pipeline->Illuminate\Pipeline\{closure}()
#50 /var/www/slot-games/vendor/laravel/framework/src/Illuminate/Foundation/Http/Middleware/TrimStrings.php(40): Illuminate\Foundation\Http\Middleware\TransformsRequest->handle()
#51 /var/www/slot-games/vendor/laravel/framework/src/Illuminate/Pipeline/Pipeline.php(167): Illuminate\Foundation\Http\Middleware\TrimStrings->handle()
#52 /var/www/slot-games/vendor/laravel/framework/src/Illuminate/Foundation/Http/Middleware/PreventRequestsDuringMaintenance.php(86): Illuminate\Pipeline\Pipeline->Illuminate\Pipeline\{closure}()
#53 /var/www/slot-games/vendor/laravel/framework/src/Illuminate/Pipeline/Pipeline.php(167): Illuminate\Foundation\Http\Middleware\PreventRequestsDuringMaintenance->handle()
#54 /var/www/slot-games/app/Http/Middleware/VerifyInstallation.php(16): Illuminate\Pipeline\Pipeline->Illuminate\Pipeline\{closure}()
#55 /var/www/slot-games/vendor/laravel/framework/src/Illuminate/Pipeline/Pipeline.php(167): VanguardLTE\Http\Middleware\VerifyInstallation->handle()
#56 /var/www/slot-games/vendor/laravel/framework/src/Illuminate/Pipeline/Pipeline.php(103): Illuminate\Pipeline\Pipeline->Illuminate\Pipeline\{closure}()
#57 /var/www/slot-games/vendor/laravel/framework/src/Illuminate/Foundation/Http/Kernel.php(142): Illuminate\Pipeline\Pipeline->then()
#58 /var/www/slot-games/vendor/laravel/framework/src/Illuminate/Foundation/Http/Kernel.php(111): Illuminate\Foundation\Http\Kernel->sendRequestThroughRouter()
#59 /var/www/slot-games/public/index.php(52): Illuminate\Foundation\Http\Kernel->handle()
#60 {main}","serverResponse":"InternalError","request":{"sessionId":"undefined"},"requestRaw":{"command":"bet","qName":"jServer.FDJSlot.bet.bet","sessionKey":"41be9e65e0ff03a65e8c93576bf61130","gameIdentificationNumber":509,"gameNumber":-1,"bet":{"bet":1,"denomination":1,"lines":40,"bonus":false,"gameCommand":"bet"},"gameName":"FlamingDiceEGT","cookie":"","messageId":"r-r_136b69ca485f7a4d5a41d9aad894817a1c560f24"}}
 ############################################### 

{"responseEvent":"error","responseType":"ErrorException: Undefined array key "10.00" in /var/www/slot-games/app/JPG.php:154
Stack trace:
#0 /var/www/slot-games/app/JPG.php(154): Illuminate\Foundation\Bootstrap\HandleExceptions->handleError()
#1 /var/www/slot-games/app/Games/FlamingDiceEGT/SlotSettings.php(576): VanguardLTE\JPG->get_min()
#2 /var/www/slot-games/app/Games/FlamingDiceEGT/Server.php(446): VanguardLTE\Games\FlamingDiceEGT\SlotSettings->UpdateJackpots()
#3 /var/www/slot-games/vendor/laravel/framework/src/Illuminate/Database/Concerns/ManagesTransactions.php(29): VanguardLTE\Games\FlamingDiceEGT\{closure}()
#4 /var/www/slot-games/vendor/laravel/framework/src/Illuminate/Database/DatabaseManager.php(442): Illuminate\Database\Connection->transaction()
#5 /var/www/slot-games/vendor/laravel/framework/src/Illuminate/Support/Facades/Facade.php(261): Illuminate\Database\DatabaseManager->__call()
#6 /var/www/slot-games/app/Games/FlamingDiceEGT/Server.php(11): Illuminate\Support\Facades\Facade::__callStatic()
#7 /var/www/slot-games/app/Games/FlamingDiceEGT/Server.php(917): VanguardLTE\Games\FlamingDiceEGT\get_()
#8 /var/www/slot-games/app/Http/Controllers/Web/Frontend/GamesController.php(1593): VanguardLTE\Games\FlamingDiceEGT\Server->get()
#9 /var/www/slot-games/vendor/laravel/framework/src/Illuminate/Routing/Controller.php(54): VanguardLTE\Http\Controllers\Web\Frontend\GamesController->server()
#10 /var/www/slot-games/vendor/laravel/framework/src/Illuminate/Routing/ControllerDispatcher.php(45): Illuminate\Routing\Controller->callAction()
#11 /var/www/slot-games/vendor/laravel/framework/src/Illuminate/Routing/Route.php(261): Illuminate\Routing\ControllerDispatcher->dispatch()
#12 /var/www/slot-games/vendor/laravel/framework/src/Illuminate/Routing/Route.php(205): Illuminate\Routing\Route->runController()
#13 /var/www/slot-games/vendor/laravel/framework/src/Illuminate/Routing/Router.php(721): Illuminate\Routing\Route->run()
#14 /var/www/slot-games/vendor/laravel/framework/src/Illuminate/Pipeline/Pipeline.php(128): Illuminate\Routing\Router->Illuminate\Routing\{closure}()
#15 /var/www/slot-games/app/Http/Middleware/Checker.php(33): Illuminate\Pipeline\Pipeline->Illuminate\Pipeline\{closure}()
#16 /var/www/slot-games/vendor/laravel/framework/src/Illuminate/Pipeline/Pipeline.php(167): VanguardLTE\Http\Middleware\Checker->handle()
#17 /var/www/slot-games/app/Http/Middleware/SiteIsClosed.php(20): Illuminate\Pipeline\Pipeline->Illuminate\Pipeline\{closure}()
#18 /var/www/slot-games/vendor/laravel/framework/src/Illuminate/Pipeline/Pipeline.php(167): VanguardLTE\Http\Middleware\SiteIsClosed->handle()
#19 /var/www/slot-games/app/Http/Middleware/SelectLanguage.php(12): Illuminate\Pipeline\Pipeline->Illuminate\Pipeline\{closure}()
#20 /var/www/slot-games/vendor/laravel/framework/src/Illuminate/Pipeline/Pipeline.php(167): VanguardLTE\Http\Middleware\SelectLanguage->handle()
#21 /var/www/slot-games/vendor/laravel/framework/src/Illuminate/Routing/Middleware/SubstituteBindings.php(50): Illuminate\Pipeline\Pipeline->Illuminate\Pipeline\{closure}()
#22 /var/www/slot-games/vendor/laravel/framework/src/Illuminate/Pipeline/Pipeline.php(167): Illuminate\Routing\Middleware\SubstituteBindings->handle()
#23 /var/www/slot-games/vendor/laravel/framework/src/Illuminate/Foundation/Http/Middleware/VerifyCsrfToken.php(78): Illuminate\Pipeline\Pipeline->Illuminate\Pipeline\{closure}()
#24 /var/www/slot-games/vendor/laravel/framework/src/Illuminate/Pipeline/Pipeline.php(167): Illuminate\Foundation\Http\Middleware\VerifyCsrfToken->handle()
#25 /var/www/slot-games/vendor/laravel/framework/src/Illuminate/View/Middleware/ShareErrorsFromSession.php(49): Illuminate\Pipeline\Pipeline->Illuminate\Pipeline\{closure}()
#26 /var/www/slot-games/vendor/laravel/framework/src/Illuminate/Pipeline/Pipeline.php(167): Illuminate\View\Middleware\ShareErrorsFromSession->handle()
#27 /var/www/slot-games/vendor/laravel/framework/src/Illuminate/Session/Middleware/StartSession.php(121): Illuminate\Pipeline\Pipeline->Illuminate\Pipeline\{closure}()
#28 /var/www/slot-games/vendor/laravel/framework/src/Illuminate/Session/Middleware/StartSession.php(64): Illuminate\Session\Middleware\StartSession->handleStatefulRequest()
#29 /var/www/slot-games/vendor/laravel/framework/src/Illuminate/Pipeline/Pipeline.php(167): Illuminate\Session\Middleware\StartSession->handle()
#30 /var/www/slot-games/vendor/laravel/framework/src/Illuminate/Cookie/Middleware/AddQueuedCookiesToResponse.php(37): Illuminate\Pipeline\Pipeline->Illuminate\Pipeline\{closure}()
#31 /var/www/slot-games/vendor/laravel/framework/src/Illuminate/Pipeline/Pipeline.php(167): Illuminate\Cookie\Middleware\AddQueuedCookiesToResponse->handle()
#32 /var/www/slot-games/vendor/laravel/framework/src/Illuminate/Cookie/Middleware/EncryptCookies.php(67): Illuminate\Pipeline\Pipeline->Illuminate\Pipeline\{closure}()
#33 /var/www/slot-games/vendor/laravel/framework/src/Illuminate/Pipeline/Pipeline.php(167): Illuminate\Cookie\Middleware\EncryptCookies->handle()
#34 /var/www/slot-games/vendor/laravel/framework/src/Illuminate/Pipeline/Pipeline.php(103): Illuminate\Pipeline\Pipeline->Illuminate\Pipeline\{closure}()
#35 /var/www/slot-games/vendor/laravel/framework/src/Illuminate/Routing/Router.php(719): Illuminate\Pipeline\Pipeline->then()
#36 /var/www/slot-games/vendor/laravel/framework/src/Illuminate/Routing/Router.php(698): Illuminate\Routing\Router->runRouteWithinStack()
#37 /var/www/slot-games/vendor/laravel/framework/src/Illuminate/Routing/Router.php(662): Illuminate\Routing\Router->runRoute()
#38 /var/www/slot-games/vendor/laravel/framework/src/Illuminate/Routing/Router.php(651): Illuminate\Routing\Router->dispatchToRoute()
#39 /var/www/slot-games/vendor/laravel/framework/src/Illuminate/Foundation/Http/Kernel.php(167): Illuminate\Routing\Router->dispatch()
#40 /var/www/slot-games/vendor/laravel/framework/src/Illuminate/Pipeline/Pipeline.php(128): Illuminate\Foundation\Http\Kernel->Illuminate\Foundation\Http\{closure}()
#41 /var/www/slot-games/vendor/proengsoft/laravel-jsvalidation/src/RemoteValidationMiddleware.php(61): Illuminate\Pipeline\Pipeline->Illuminate\Pipeline\{closure}()
#42 /var/www/slot-games/vendor/laravel/framework/src/Illuminate/Pipeline/Pipeline.php(167): Proengsoft\JsValidation\RemoteValidationMiddleware->handle()
#43 /var/www/slot-games/vendor/barryvdh/laravel-debugbar/src/Middleware/InjectDebugbar.php(67): Illuminate\Pipeline\Pipeline->Illuminate\Pipeline\{closure}()
#44 /var/www/slot-games/vendor/laravel/framework/src/Illuminate/Pipeline/Pipeline.php(167): Barryvdh\Debugbar\Middleware\InjectDebugbar->handle()
#45 /var/www/slot-games/vendor/fideloper/proxy/src/TrustProxies.php(57): Illuminate\Pipeline\Pipeline->Illuminate\Pipeline\{closure}()
#46 /var/www/slot-games/vendor/laravel/framework/src/Illuminate/Pipeline/Pipeline.php(167): Fideloper\Proxy\TrustProxies->handle()
#47 /var/www/slot-games/vendor/laravel/framework/src/Illuminate/Foundation/Http/Middleware/TransformsRequest.php(21): Illuminate\Pipeline\Pipeline->Illuminate\Pipeline\{closure}()
#48 /var/www/slot-games/vendor/laravel/framework/src/Illuminate/Foundation/Http/Middleware/ConvertEmptyStringsToNull.php(31): Illuminate\Foundation\Http\Middleware\TransformsRequest->handle()
#49 /var/www/slot-games/vendor/laravel/framework/src/Illuminate/Pipeline/Pipeline.php(167): Illuminate\Foundation\Http\Middleware\ConvertEmptyStringsToNull->handle()
#50 /var/www/slot-games/vendor/laravel/framework/src/Illuminate/Foundation/Http/Middleware/TransformsRequest.php(21): Illuminate\Pipeline\Pipeline->Illuminate\Pipeline\{closure}()
#51 /var/www/slot-games/vendor/laravel/framework/src/Illuminate/Foundation/Http/Middleware/TrimStrings.php(40): Illuminate\Foundation\Http\Middleware\TransformsRequest->handle()
#52 /var/www/slot-games/vendor/laravel/framework/src/Illuminate/Pipeline/Pipeline.php(167): Illuminate\Foundation\Http\Middleware\TrimStrings->handle()
#53 /var/www/slot-games/vendor/laravel/framework/src/Illuminate/Foundation/Http/Middleware/PreventRequestsDuringMaintenance.php(86): Illuminate\Pipeline\Pipeline->Illuminate\Pipeline\{closure}()
#54 /var/www/slot-games/vendor/laravel/framework/src/Illuminate/Pipeline/Pipeline.php(167): Illuminate\Foundation\Http\Middleware\PreventRequestsDuringMaintenance->handle()
#55 /var/www/slot-games/app/Http/Middleware/VerifyInstallation.php(16): Illuminate\Pipeline\Pipeline->Illuminate\Pipeline\{closure}()
#56 /var/www/slot-games/vendor/laravel/framework/src/Illuminate/Pipeline/Pipeline.php(167): VanguardLTE\Http\Middleware\VerifyInstallation->handle()
#57 /var/www/slot-games/vendor/laravel/framework/src/Illuminate/Pipeline/Pipeline.php(103): Illuminate\Pipeline\Pipeline->Illuminate\Pipeline\{closure}()
#58 /var/www/slot-games/vendor/laravel/framework/src/Illuminate/Foundation/Http/Kernel.php(142): Illuminate\Pipeline\Pipeline->then()
#59 /var/www/slot-games/vendor/laravel/framework/src/Illuminate/Foundation/Http/Kernel.php(111): Illuminate\Foundation\Http\Kernel->sendRequestThroughRouter()
#60 /var/www/slot-games/public/index.php(52): Illuminate\Foundation\Http\Kernel->handle()
#61 {main}","serverResponse":"InternalError","request":{"sessionId":"undefined"},"requestRaw":{"command":"bet","qName":"jServer.FDJSlot.bet.bet","sessionKey":"41be9e65e0ff03a65e8c93576bf61130","gameIdentificationNumber":509,"gameNumber":-1,"bet":{"bet":1,"denomination":1,"lines":40,"bonus":false,"gameCommand":"bet"},"gameName":"FlamingDiceEGT","cookie":"","messageId":"r-r_89d53259c60b542527ff0d8d0c2104f8b1b5c1f8"}}
 ############################################### 

{"responseEvent":"error","responseType":"ErrorException: Undefined array key "10.00" in /var/www/slot-games/app/JPG.php:154
Stack trace:
#0 /var/www/slot-games/app/JPG.php(154): Illuminate\Foundation\Bootstrap\HandleExceptions->handleError()
#1 /var/www/slot-games/app/Games/FlamingDiceEGT/SlotSettings.php(576): VanguardLTE\JPG->get_min()
#2 /var/www/slot-games/app/Games/FlamingDiceEGT/Server.php(446): VanguardLTE\Games\FlamingDiceEGT\SlotSettings->UpdateJackpots()
#3 /var/www/slot-games/vendor/laravel/framework/src/Illuminate/Database/Concerns/ManagesTransactions.php(29): VanguardLTE\Games\FlamingDiceEGT\{closure}()
#4 /var/www/slot-games/vendor/laravel/framework/src/Illuminate/Database/DatabaseManager.php(442): Illuminate\Database\Connection->transaction()
#5 /var/www/slot-games/vendor/laravel/framework/src/Illuminate/Support/Facades/Facade.php(261): Illuminate\Database\DatabaseManager->__call()
#6 /var/www/slot-games/app/Games/FlamingDiceEGT/Server.php(11): Illuminate\Support\Facades\Facade::__callStatic()
#7 /var/www/slot-games/app/Games/FlamingDiceEGT/Server.php(917): VanguardLTE\Games\FlamingDiceEGT\get_()
#8 /var/www/slot-games/app/Http/Controllers/Web/Frontend/GamesController.php(1593): VanguardLTE\Games\FlamingDiceEGT\Server->get()
#9 /var/www/slot-games/vendor/laravel/framework/src/Illuminate/Routing/Controller.php(54): VanguardLTE\Http\Controllers\Web\Frontend\GamesController->server()
#10 /var/www/slot-games/vendor/laravel/framework/src/Illuminate/Routing/ControllerDispatcher.php(45): Illuminate\Routing\Controller->callAction()
#11 /var/www/slot-games/vendor/laravel/framework/src/Illuminate/Routing/Route.php(261): Illuminate\Routing\ControllerDispatcher->dispatch()
#12 /var/www/slot-games/vendor/laravel/framework/src/Illuminate/Routing/Route.php(205): Illuminate\Routing\Route->runController()
#13 /var/www/slot-games/vendor/laravel/framework/src/Illuminate/Routing/Router.php(721): Illuminate\Routing\Route->run()
#14 /var/www/slot-games/vendor/laravel/framework/src/Illuminate/Pipeline/Pipeline.php(128): Illuminate\Routing\Router->Illuminate\Routing\{closure}()
#15 /var/www/slot-games/app/Http/Middleware/Checker.php(33): Illuminate\Pipeline\Pipeline->Illuminate\Pipeline\{closure}()
#16 /var/www/slot-games/vendor/laravel/framework/src/Illuminate/Pipeline/Pipeline.php(167): VanguardLTE\Http\Middleware\Checker->handle()
#17 /var/www/slot-games/app/Http/Middleware/SiteIsClosed.php(20): Illuminate\Pipeline\Pipeline->Illuminate\Pipeline\{closure}()
#18 /var/www/slot-games/vendor/laravel/framework/src/Illuminate/Pipeline/Pipeline.php(167): VanguardLTE\Http\Middleware\SiteIsClosed->handle()
#19 /var/www/slot-games/app/Http/Middleware/SelectLanguage.php(12): Illuminate\Pipeline\Pipeline->Illuminate\Pipeline\{closure}()
#20 /var/www/slot-games/vendor/laravel/framework/src/Illuminate/Pipeline/Pipeline.php(167): VanguardLTE\Http\Middleware\SelectLanguage->handle()
#21 /var/www/slot-games/vendor/laravel/framework/src/Illuminate/Routing/Middleware/SubstituteBindings.php(50): Illuminate\Pipeline\Pipeline->Illuminate\Pipeline\{closure}()
#22 /var/www/slot-games/vendor/laravel/framework/src/Illuminate/Pipeline/Pipeline.php(167): Illuminate\Routing\Middleware\SubstituteBindings->handle()
#23 /var/www/slot-games/vendor/laravel/framework/src/Illuminate/Foundation/Http/Middleware/VerifyCsrfToken.php(78): Illuminate\Pipeline\Pipeline->Illuminate\Pipeline\{closure}()
#24 /var/www/slot-games/vendor/laravel/framework/src/Illuminate/Pipeline/Pipeline.php(167): Illuminate\Foundation\Http\Middleware\VerifyCsrfToken->handle()
#25 /var/www/slot-games/vendor/laravel/framework/src/Illuminate/View/Middleware/ShareErrorsFromSession.php(49): Illuminate\Pipeline\Pipeline->Illuminate\Pipeline\{closure}()
#26 /var/www/slot-games/vendor/laravel/framework/src/Illuminate/Pipeline/Pipeline.php(167): Illuminate\View\Middleware\ShareErrorsFromSession->handle()
#27 /var/www/slot-games/vendor/laravel/framework/src/Illuminate/Session/Middleware/StartSession.php(121): Illuminate\Pipeline\Pipeline->Illuminate\Pipeline\{closure}()
#28 /var/www/slot-games/vendor/laravel/framework/src/Illuminate/Session/Middleware/StartSession.php(64): Illuminate\Session\Middleware\StartSession->handleStatefulRequest()
#29 /var/www/slot-games/vendor/laravel/framework/src/Illuminate/Pipeline/Pipeline.php(167): Illuminate\Session\Middleware\StartSession->handle()
#30 /var/www/slot-games/vendor/laravel/framework/src/Illuminate/Cookie/Middleware/AddQueuedCookiesToResponse.php(37): Illuminate\Pipeline\Pipeline->Illuminate\Pipeline\{closure}()
#31 /var/www/slot-games/vendor/laravel/framework/src/Illuminate/Pipeline/Pipeline.php(167): Illuminate\Cookie\Middleware\AddQueuedCookiesToResponse->handle()
#32 /var/www/slot-games/vendor/laravel/framework/src/Illuminate/Cookie/Middleware/EncryptCookies.php(67): Illuminate\Pipeline\Pipeline->Illuminate\Pipeline\{closure}()
#33 /var/www/slot-games/vendor/laravel/framework/src/Illuminate/Pipeline/Pipeline.php(167): Illuminate\Cookie\Middleware\EncryptCookies->handle()
#34 /var/www/slot-games/vendor/laravel/framework/src/Illuminate/Pipeline/Pipeline.php(103): Illuminate\Pipeline\Pipeline->Illuminate\Pipeline\{closure}()
#35 /var/www/slot-games/vendor/laravel/framework/src/Illuminate/Routing/Router.php(719): Illuminate\Pipeline\Pipeline->then()
#36 /var/www/slot-games/vendor/laravel/framework/src/Illuminate/Routing/Router.php(698): Illuminate\Routing\Router->runRouteWithinStack()
#37 /var/www/slot-games/vendor/laravel/framework/src/Illuminate/Routing/Router.php(662): Illuminate\Routing\Router->runRoute()
#38 /var/www/slot-games/vendor/laravel/framework/src/Illuminate/Routing/Router.php(651): Illuminate\Routing\Router->dispatchToRoute()
#39 /var/www/slot-games/vendor/laravel/framework/src/Illuminate/Foundation/Http/Kernel.php(167): Illuminate\Routing\Router->dispatch()
#40 /var/www/slot-games/vendor/laravel/framework/src/Illuminate/Pipeline/Pipeline.php(128): Illuminate\Foundation\Http\Kernel->Illuminate\Foundation\Http\{closure}()
#41 /var/www/slot-games/vendor/proengsoft/laravel-jsvalidation/src/RemoteValidationMiddleware.php(61): Illuminate\Pipeline\Pipeline->Illuminate\Pipeline\{closure}()
#42 /var/www/slot-games/vendor/laravel/framework/src/Illuminate/Pipeline/Pipeline.php(167): Proengsoft\JsValidation\RemoteValidationMiddleware->handle()
#43 /var/www/slot-games/vendor/barryvdh/laravel-debugbar/src/Middleware/InjectDebugbar.php(67): Illuminate\Pipeline\Pipeline->Illuminate\Pipeline\{closure}()
#44 /var/www/slot-games/vendor/laravel/framework/src/Illuminate/Pipeline/Pipeline.php(167): Barryvdh\Debugbar\Middleware\InjectDebugbar->handle()
#45 /var/www/slot-games/vendor/fideloper/proxy/src/TrustProxies.php(57): Illuminate\Pipeline\Pipeline->Illuminate\Pipeline\{closure}()
#46 /var/www/slot-games/vendor/laravel/framework/src/Illuminate/Pipeline/Pipeline.php(167): Fideloper\Proxy\TrustProxies->handle()
#47 /var/www/slot-games/vendor/laravel/framework/src/Illuminate/Foundation/Http/Middleware/TransformsRequest.php(21): Illuminate\Pipeline\Pipeline->Illuminate\Pipeline\{closure}()
#48 /var/www/slot-games/vendor/laravel/framework/src/Illuminate/Foundation/Http/Middleware/ConvertEmptyStringsToNull.php(31): Illuminate\Foundation\Http\Middleware\TransformsRequest->handle()
#49 /var/www/slot-games/vendor/laravel/framework/src/Illuminate/Pipeline/Pipeline.php(167): Illuminate\Foundation\Http\Middleware\ConvertEmptyStringsToNull->handle()
#50 /var/www/slot-games/vendor/laravel/framework/src/Illuminate/Foundation/Http/Middleware/TransformsRequest.php(21): Illuminate\Pipeline\Pipeline->Illuminate\Pipeline\{closure}()
#51 /var/www/slot-games/vendor/laravel/framework/src/Illuminate/Foundation/Http/Middleware/TrimStrings.php(40): Illuminate\Foundation\Http\Middleware\TransformsRequest->handle()
#52 /var/www/slot-games/vendor/laravel/framework/src/Illuminate/Pipeline/Pipeline.php(167): Illuminate\Foundation\Http\Middleware\TrimStrings->handle()
#53 /var/www/slot-games/vendor/laravel/framework/src/Illuminate/Foundation/Http/Middleware/PreventRequestsDuringMaintenance.php(86): Illuminate\Pipeline\Pipeline->Illuminate\Pipeline\{closure}()
#54 /var/www/slot-games/vendor/laravel/framework/src/Illuminate/Pipeline/Pipeline.php(167): Illuminate\Foundation\Http\Middleware\PreventRequestsDuringMaintenance->handle()
#55 /var/www/slot-games/app/Http/Middleware/VerifyInstallation.php(16): Illuminate\Pipeline\Pipeline->Illuminate\Pipeline\{closure}()
#56 /var/www/slot-games/vendor/laravel/framework/src/Illuminate/Pipeline/Pipeline.php(167): VanguardLTE\Http\Middleware\VerifyInstallation->handle()
#57 /var/www/slot-games/vendor/laravel/framework/src/Illuminate/Pipeline/Pipeline.php(103): Illuminate\Pipeline\Pipeline->Illuminate\Pipeline\{closure}()
#58 /var/www/slot-games/vendor/laravel/framework/src/Illuminate/Foundation/Http/Kernel.php(142): Illuminate\Pipeline\Pipeline->then()
#59 /var/www/slot-games/vendor/laravel/framework/src/Illuminate/Foundation/Http/Kernel.php(111): Illuminate\Foundation\Http\Kernel->sendRequestThroughRouter()
#60 /var/www/slot-games/public/index.php(52): Illuminate\Foundation\Http\Kernel->handle()
#61 {main}","serverResponse":"InternalError","request":{"sessionId":"undefined"},"requestRaw":{"command":"bet","qName":"jServer.FDJSlot.bet.bet","gameIdentificationNumber":"509","gameNumber":-1,"bet":{"bet":1,"denomination":1,"lines":40,"bonus":false,"gameCommand":"bet"},"sessionKey":"41be9e65e0ff03a65e8c93576bf61130","messageId":"r-r_174299809658712","gameName":"FlamingDiceEGT","cookie":""}}
 ############################################### 

{"responseEvent":"error","responseType":"ErrorException: Undefined array key "10.00" in /var/www/slot-games/app/JPG.php:154
Stack trace:
#0 /var/www/slot-games/app/JPG.php(154): Illuminate\Foundation\Bootstrap\HandleExceptions->handleError()
#1 /var/www/slot-games/app/Games/FlamingDiceEGT/SlotSettings.php(576): VanguardLTE\JPG->get_min()
#2 /var/www/slot-games/app/Games/FlamingDiceEGT/Server.php(446): VanguardLTE\Games\FlamingDiceEGT\SlotSettings->UpdateJackpots()
#3 /var/www/slot-games/vendor/laravel/framework/src/Illuminate/Database/Concerns/ManagesTransactions.php(29): VanguardLTE\Games\FlamingDiceEGT\{closure}()
#4 /var/www/slot-games/vendor/laravel/framework/src/Illuminate/Database/DatabaseManager.php(442): Illuminate\Database\Connection->transaction()
#5 /var/www/slot-games/vendor/laravel/framework/src/Illuminate/Support/Facades/Facade.php(261): Illuminate\Database\DatabaseManager->__call()
#6 /var/www/slot-games/app/Games/FlamingDiceEGT/Server.php(11): Illuminate\Support\Facades\Facade::__callStatic()
#7 /var/www/slot-games/app/Games/FlamingDiceEGT/Server.php(917): VanguardLTE\Games\FlamingDiceEGT\get_()
#8 /var/www/slot-games/app/Http/Controllers/Web/Frontend/GamesController.php(1593): VanguardLTE\Games\FlamingDiceEGT\Server->get()
#9 /var/www/slot-games/vendor/laravel/framework/src/Illuminate/Routing/Controller.php(54): VanguardLTE\Http\Controllers\Web\Frontend\GamesController->server()
#10 /var/www/slot-games/vendor/laravel/framework/src/Illuminate/Routing/ControllerDispatcher.php(45): Illuminate\Routing\Controller->callAction()
#11 /var/www/slot-games/vendor/laravel/framework/src/Illuminate/Routing/Route.php(261): Illuminate\Routing\ControllerDispatcher->dispatch()
#12 /var/www/slot-games/vendor/laravel/framework/src/Illuminate/Routing/Route.php(205): Illuminate\Routing\Route->runController()
#13 /var/www/slot-games/vendor/laravel/framework/src/Illuminate/Routing/Router.php(721): Illuminate\Routing\Route->run()
#14 /var/www/slot-games/vendor/laravel/framework/src/Illuminate/Pipeline/Pipeline.php(128): Illuminate\Routing\Router->Illuminate\Routing\{closure}()
#15 /var/www/slot-games/app/Http/Middleware/Checker.php(33): Illuminate\Pipeline\Pipeline->Illuminate\Pipeline\{closure}()
#16 /var/www/slot-games/vendor/laravel/framework/src/Illuminate/Pipeline/Pipeline.php(167): VanguardLTE\Http\Middleware\Checker->handle()
#17 /var/www/slot-games/app/Http/Middleware/SiteIsClosed.php(20): Illuminate\Pipeline\Pipeline->Illuminate\Pipeline\{closure}()
#18 /var/www/slot-games/vendor/laravel/framework/src/Illuminate/Pipeline/Pipeline.php(167): VanguardLTE\Http\Middleware\SiteIsClosed->handle()
#19 /var/www/slot-games/app/Http/Middleware/SelectLanguage.php(12): Illuminate\Pipeline\Pipeline->Illuminate\Pipeline\{closure}()
#20 /var/www/slot-games/vendor/laravel/framework/src/Illuminate/Pipeline/Pipeline.php(167): VanguardLTE\Http\Middleware\SelectLanguage->handle()
#21 /var/www/slot-games/vendor/laravel/framework/src/Illuminate/Routing/Middleware/SubstituteBindings.php(50): Illuminate\Pipeline\Pipeline->Illuminate\Pipeline\{closure}()
#22 /var/www/slot-games/vendor/laravel/framework/src/Illuminate/Pipeline/Pipeline.php(167): Illuminate\Routing\Middleware\SubstituteBindings->handle()
#23 /var/www/slot-games/vendor/laravel/framework/src/Illuminate/Foundation/Http/Middleware/VerifyCsrfToken.php(78): Illuminate\Pipeline\Pipeline->Illuminate\Pipeline\{closure}()
#24 /var/www/slot-games/vendor/laravel/framework/src/Illuminate/Pipeline/Pipeline.php(167): Illuminate\Foundation\Http\Middleware\VerifyCsrfToken->handle()
#25 /var/www/slot-games/vendor/laravel/framework/src/Illuminate/View/Middleware/ShareErrorsFromSession.php(49): Illuminate\Pipeline\Pipeline->Illuminate\Pipeline\{closure}()
#26 /var/www/slot-games/vendor/laravel/framework/src/Illuminate/Pipeline/Pipeline.php(167): Illuminate\View\Middleware\ShareErrorsFromSession->handle()
#27 /var/www/slot-games/vendor/laravel/framework/src/Illuminate/Session/Middleware/StartSession.php(121): Illuminate\Pipeline\Pipeline->Illuminate\Pipeline\{closure}()
#28 /var/www/slot-games/vendor/laravel/framework/src/Illuminate/Session/Middleware/StartSession.php(64): Illuminate\Session\Middleware\StartSession->handleStatefulRequest()
#29 /var/www/slot-games/vendor/laravel/framework/src/Illuminate/Pipeline/Pipeline.php(167): Illuminate\Session\Middleware\StartSession->handle()
#30 /var/www/slot-games/vendor/laravel/framework/src/Illuminate/Cookie/Middleware/AddQueuedCookiesToResponse.php(37): Illuminate\Pipeline\Pipeline->Illuminate\Pipeline\{closure}()
#31 /var/www/slot-games/vendor/laravel/framework/src/Illuminate/Pipeline/Pipeline.php(167): Illuminate\Cookie\Middleware\AddQueuedCookiesToResponse->handle()
#32 /var/www/slot-games/vendor/laravel/framework/src/Illuminate/Cookie/Middleware/EncryptCookies.php(67): Illuminate\Pipeline\Pipeline->Illuminate\Pipeline\{closure}()
#33 /var/www/slot-games/vendor/laravel/framework/src/Illuminate/Pipeline/Pipeline.php(167): Illuminate\Cookie\Middleware\EncryptCookies->handle()
#34 /var/www/slot-games/vendor/laravel/framework/src/Illuminate/Pipeline/Pipeline.php(103): Illuminate\Pipeline\Pipeline->Illuminate\Pipeline\{closure}()
#35 /var/www/slot-games/vendor/laravel/framework/src/Illuminate/Routing/Router.php(719): Illuminate\Pipeline\Pipeline->then()
#36 /var/www/slot-games/vendor/laravel/framework/src/Illuminate/Routing/Router.php(698): Illuminate\Routing\Router->runRouteWithinStack()
#37 /var/www/slot-games/vendor/laravel/framework/src/Illuminate/Routing/Router.php(662): Illuminate\Routing\Router->runRoute()
#38 /var/www/slot-games/vendor/laravel/framework/src/Illuminate/Routing/Router.php(651): Illuminate\Routing\Router->dispatchToRoute()
#39 /var/www/slot-games/vendor/laravel/framework/src/Illuminate/Foundation/Http/Kernel.php(167): Illuminate\Routing\Router->dispatch()
#40 /var/www/slot-games/vendor/laravel/framework/src/Illuminate/Pipeline/Pipeline.php(128): Illuminate\Foundation\Http\Kernel->Illuminate\Foundation\Http\{closure}()
#41 /var/www/slot-games/vendor/proengsoft/laravel-jsvalidation/src/RemoteValidationMiddleware.php(61): Illuminate\Pipeline\Pipeline->Illuminate\Pipeline\{closure}()
#42 /var/www/slot-games/vendor/laravel/framework/src/Illuminate/Pipeline/Pipeline.php(167): Proengsoft\JsValidation\RemoteValidationMiddleware->handle()
#43 /var/www/slot-games/vendor/barryvdh/laravel-debugbar/src/Middleware/InjectDebugbar.php(67): Illuminate\Pipeline\Pipeline->Illuminate\Pipeline\{closure}()
#44 /var/www/slot-games/vendor/laravel/framework/src/Illuminate/Pipeline/Pipeline.php(167): Barryvdh\Debugbar\Middleware\InjectDebugbar->handle()
#45 /var/www/slot-games/vendor/fideloper/proxy/src/TrustProxies.php(57): Illuminate\Pipeline\Pipeline->Illuminate\Pipeline\{closure}()
#46 /var/www/slot-games/vendor/laravel/framework/src/Illuminate/Pipeline/Pipeline.php(167): Fideloper\Proxy\TrustProxies->handle()
#47 /var/www/slot-games/vendor/laravel/framework/src/Illuminate/Foundation/Http/Middleware/TransformsRequest.php(21): Illuminate\Pipeline\Pipeline->Illuminate\Pipeline\{closure}()
#48 /var/www/slot-games/vendor/laravel/framework/src/Illuminate/Foundation/Http/Middleware/ConvertEmptyStringsToNull.php(31): Illuminate\Foundation\Http\Middleware\TransformsRequest->handle()
#49 /var/www/slot-games/vendor/laravel/framework/src/Illuminate/Pipeline/Pipeline.php(167): Illuminate\Foundation\Http\Middleware\ConvertEmptyStringsToNull->handle()
#50 /var/www/slot-games/vendor/laravel/framework/src/Illuminate/Foundation/Http/Middleware/TransformsRequest.php(21): Illuminate\Pipeline\Pipeline->Illuminate\Pipeline\{closure}()
#51 /var/www/slot-games/vendor/laravel/framework/src/Illuminate/Foundation/Http/Middleware/TrimStrings.php(40): Illuminate\Foundation\Http\Middleware\TransformsRequest->handle()
#52 /var/www/slot-games/vendor/laravel/framework/src/Illuminate/Pipeline/Pipeline.php(167): Illuminate\Foundation\Http\Middleware\TrimStrings->handle()
#53 /var/www/slot-games/vendor/laravel/framework/src/Illuminate/Foundation/Http/Middleware/PreventRequestsDuringMaintenance.php(86): Illuminate\Pipeline\Pipeline->Illuminate\Pipeline\{closure}()
#54 /var/www/slot-games/vendor/laravel/framework/src/Illuminate/Pipeline/Pipeline.php(167): Illuminate\Foundation\Http\Middleware\PreventRequestsDuringMaintenance->handle()
#55 /var/www/slot-games/app/Http/Middleware/VerifyInstallation.php(16): Illuminate\Pipeline\Pipeline->Illuminate\Pipeline\{closure}()
#56 /var/www/slot-games/vendor/laravel/framework/src/Illuminate/Pipeline/Pipeline.php(167): VanguardLTE\Http\Middleware\VerifyInstallation->handle()
#57 /var/www/slot-games/vendor/laravel/framework/src/Illuminate/Pipeline/Pipeline.php(103): Illuminate\Pipeline\Pipeline->Illuminate\Pipeline\{closure}()
#58 /var/www/slot-games/vendor/laravel/framework/src/Illuminate/Foundation/Http/Kernel.php(142): Illuminate\Pipeline\Pipeline->then()
#59 /var/www/slot-games/vendor/laravel/framework/src/Illuminate/Foundation/Http/Kernel.php(111): Illuminate\Foundation\Http\Kernel->sendRequestThroughRouter()
#60 /var/www/slot-games/public/index.php(52): Illuminate\Foundation\Http\Kernel->handle()
#61 {main}","serverResponse":"InternalError","request":{"sessionId":"undefined"},"requestRaw":{"command":"bet","qName":"jServer.FDJSlot.bet.bet","sessionKey":"41be9e65e0ff03a65e8c93576bf61130","gameIdentificationNumber":509,"gameNumber":-1,"bet":{"bet":1,"denomination":1,"lines":40,"bonus":false,"gameCommand":"bet"},"gameName":"FlamingDiceEGT","cookie":"","messageId":"r-r_a55147d57c719b8af570c8e0fc911c3834dfdc35"}}
 ############################################### 
